<?xml version="1.0" encoding="UTF-8"?>
<!-- Generated by org.testng.reporters.JUnitReportReporter -->
<testsuite hostname="DESKTOP-TUMQ4HO" failures="0" tests="1" name="Automation.OrangeHRM.runnerClass" time="21.750" errors="0" timestamp="2022-06-25T17:19:18 IST" skipped="0">
  <testcase classname="Automation.OrangeHRM.runnerClass" name="login" time="21.750"/>
  <system-out/>
</testsuite> <!-- Automation.OrangeHRM.runnerClass -->
